>Loading model from:  /root/users/chenyf1/Usiigaci/Mask R-CNN/trainednetwork/cell20181111T1532/mask_rcnn_cell_0499.h5
prediction for:  /root/users/chenyf1/trainUSI/folder6
model run 1 of 1
prediction run time = 0 hr: 1 min: 57 s
>Loading model from:  /root/users/chenyf1/Usiigaci/Mask R-CNN/trainednetwork/cell20181111T1532/mask_rcnn_cell_0499.h5
prediction for:  /root/users/chenyf1/trainUSI/folder5
model run 1 of 1
prediction run time = 0 hr: 1 min: 45 s
>Loading model from:  /root/users/chenyf1/Usiigaci/Mask R-CNN/trainednetwork/cell20181111T1532/mask_rcnn_cell_0499.h5
prediction for:  /root/users/chenyf1/trainUSI/folder4
model run 1 of 1
prediction run time = 0 hr: 2 min: 11 s
>Loading model from:  /root/users/chenyf1/Usiigaci/Mask R-CNN/trainednetwork/cell20181111T1532/mask_rcnn_cell_0499.h5
prediction for:  /root/users/chenyf1/trainUSI/folder3
model run 1 of 1
prediction run time = 0 hr: 1 min: 55 s
>Loading model from:  /root/users/chenyf1/Usiigaci/Mask R-CNN/trainednetwork/cell20181111T1532/mask_rcnn_cell_0499.h5
prediction for:  /root/users/chenyf1/trainUSI/folder2
model run 1 of 1
prediction run time = 0 hr: 1 min: 29 s
>Loading model from:  /root/users/chenyf1/Usiigaci/Mask R-CNN/trainednetwork/cell20181111T1532/mask_rcnn_cell_0499.h5
prediction for:  /root/users/chenyf1/trainUSI/folder1
model run 1 of 1
failed to deploy the inference, skipping...
prediction run time = 0 hr: 0 min: 0 s
[117.55589556694031, 105.13498544692993, 131.0732455253601, 115.9107837677002, 89.33358120918274, 0.7745563983917236]
Total prediction run time = 0 day: 0 hr: 9 min: 19 s
